2026-01-05 15:51:36 INFO  Utils - [TestNG] Running:
  C:\Users\ACER\AppData\Local\JetBrains\IntelliJIdea2025.1\temp-testng-customsuite.xml

2026-01-05 15:51:36 INFO  Log - Starting test
2026-01-05 15:51:37 INFO  Log - Heated in the link
2026-01-05 15:51:37 INFO  Log - testValidLogin
2026-01-05 15:51:37 INFO  Log - testValidLogin2...
2026-01-05 15:51:38 INFO  Log - Clicking submit
2026-01-05 15:51:38 INFO  Log - verifying login page
2026-01-05 15:51:38 INFO  BaseTast - Stopping testing
2026-01-05 15:58:47 INFO  Utils - [TestNG] Running:
  C:\Users\ACER\AppData\Local\JetBrains\IntelliJIdea2025.1\temp-testng-customsuite.xml

2026-01-05 15:58:47 INFO  Log - Starting test
2026-01-05 15:58:51 INFO  Log - Heated in the link
2026-01-05 15:58:52 INFO  Log - testValidLogin
2026-01-05 15:58:52 INFO  Log - testValidLogin2...
2026-01-05 15:58:52 INFO  Log - Clicking submit
2026-01-05 15:58:55 INFO  Log - verifying login page
2026-01-05 15:58:55 INFO  BaseTast - Stopping testing
2026-01-06 13:36:17 INFO  Utils - [TestNG] Running:
  C:\Users\ACER\AppData\Local\JetBrains\IntelliJIdea2025.1\temp-testng-customsuite.xml

2026-01-06 13:36:18 INFO  Log - Starting test
2026-01-06 13:37:06 INFO  Utils - [TestNG] Running:
  C:\Users\ACER\AppData\Local\JetBrains\IntelliJIdea2025.1\temp-testng-customsuite.xml

2026-01-06 13:37:14 INFO  Utils - [TestNG] Running:
  C:\Users\ACER\AppData\Local\JetBrains\IntelliJIdea2025.1\temp-testng-customsuite.xml

2026-01-06 13:37:23 INFO  Utils - [TestNG] Running:
  C:\Users\ACER\AppData\Local\JetBrains\IntelliJIdea2025.1\temp-testng-customsuite.xml

2026-01-06 13:37:31 INFO  Utils - [TestNG] Running:
  C:\Users\ACER\AppData\Local\JetBrains\IntelliJIdea2025.1\temp-testng-customsuite.xml

2026-01-06 13:37:41 INFO  Utils - [TestNG] Running:
  C:\Users\ACER\AppData\Local\JetBrains\IntelliJIdea2025.1\temp-testng-customsuite.xml

2026-01-06 13:37:41 INFO  Log - Starting test
2026-01-06 13:38:26 INFO  Log - Heated in the link
2026-01-06 13:38:27 INFO  Log - testValidLogin
2026-01-06 13:38:27 INFO  Log - testValidLogin2...
2026-01-06 13:38:27 INFO  Log - Clicking submit
2026-01-06 13:38:28 INFO  Log - verifying login page
2026-01-06 13:38:28 INFO  BaseTest - Stopping testing
2026-01-06 14:54:22 INFO  Utils - [TestNG] Running:
  C:\Users\ACER\AppData\Local\JetBrains\IntelliJIdea2025.1\temp-testng-customsuite.xml

2026-01-06 14:54:22 INFO  Log - Starting test
2026-01-06 14:54:26 INFO  Log - Heated in the link
2026-01-06 14:54:27 INFO  Log - testValidLogin
2026-01-06 14:54:27 INFO  Log - testValidLogin2...
2026-01-06 14:54:28 INFO  Log - Clicking submit
2026-01-06 14:54:28 INFO  Log - verifying login page
2026-01-06 14:54:28 INFO  BaseTest - Stopping testing
2026-01-06 14:59:24 INFO  Utils - [TestNG] Running:
  C:\Users\ACER\AppData\Local\JetBrains\IntelliJIdea2025.1\temp-testng-customsuite.xml

2026-01-06 14:59:24 INFO  Log - Starting test
2026-01-06 14:59:26 INFO  Log - Heated in the link
2026-01-06 14:59:28 INFO  Log - testValidLogin
2026-01-06 14:59:28 INFO  Log - testValidLogin2...
2026-01-06 14:59:28 INFO  Log - Clicking submit
2026-01-06 14:59:29 INFO  Log - verifying login page
2026-01-06 14:59:29 INFO  BaseTest - Stopping testing
2026-01-06 15:04:10 INFO  Utils - [TestNG] Running:
  C:\Users\ACER\AppData\Local\JetBrains\IntelliJIdea2025.1\temp-testng-customsuite.xml

2026-01-06 15:04:10 INFO  Log - Starting test
2026-01-06 15:04:13 INFO  Log - Heated in the link
2026-01-06 15:04:13 INFO  Log - testValidLogin
2026-01-06 15:04:13 INFO  Log - testValidLogin2...
2026-01-06 15:04:14 INFO  Log - Clicking submit
2026-01-06 15:04:14 INFO  Log - verifying login page
2026-01-06 15:04:15 INFO  BaseTest - Stopping testing
2026-01-06 15:06:32 INFO  Utils - [TestNG] Running:
  C:\Users\ACER\AppData\Local\JetBrains\IntelliJIdea2025.1\temp-testng-customsuite.xml

2026-01-06 15:06:32 INFO  Log - Starting test
2026-01-06 15:06:34 INFO  Log - Heated in the link
2026-01-06 15:06:45 INFO  Log - testValidLogin
2026-01-06 15:06:45 INFO  Log - testValidLogin2...
2026-01-06 15:06:45 INFO  Log - Clicking submit
2026-01-06 15:06:48 INFO  Log - verifying login page
2026-01-06 15:06:48 INFO  BaseTest - Stopping testing
2026-01-06 15:07:18 INFO  Utils - [TestNG] Running:
  C:\Users\ACER\AppData\Local\JetBrains\IntelliJIdea2025.1\temp-testng-customsuite.xml

2026-01-06 15:07:18 INFO  Log - Starting test
2026-01-06 15:07:20 INFO  Log - Heated in the link
2026-01-06 15:07:21 INFO  Log - testValidLogin
2026-01-06 15:07:22 INFO  Log - testValidLogin2...
2026-01-06 15:07:22 INFO  Log - Clicking submit
2026-01-06 15:07:23 INFO  Log - verifying login page
2026-01-06 15:07:23 INFO  BaseTest - Stopping testing
2026-01-06 15:09:18 INFO  Utils - [TestNG] Running:
  C:\Users\ACER\AppData\Local\JetBrains\IntelliJIdea2025.1\temp-testng-customsuite.xml

2026-01-06 15:09:18 INFO  Log - Starting test
2026-01-06 15:09:20 INFO  Log - Heated in the link
2026-01-06 15:09:21 INFO  Log - testValidLogin
2026-01-06 15:09:21 INFO  Log - testValidLogin2...
2026-01-06 15:09:21 INFO  Log - Clicking submit
2026-01-06 15:09:23 INFO  Log - verifying login page
2026-01-06 15:09:23 INFO  BaseTest - Stopping testing
2026-01-06 15:10:38 INFO  Utils - [TestNG] Running:
  C:\Users\ACER\AppData\Local\JetBrains\IntelliJIdea2025.1\temp-testng-customsuite.xml

2026-01-06 15:10:38 INFO  Log - Starting test
2026-01-06 15:10:40 INFO  Log - Heated in the link
2026-01-06 15:10:42 INFO  Log - testValidLogin
2026-01-06 15:10:42 INFO  Log - testValidLogin2...
2026-01-06 15:10:42 INFO  Log - Clicking submit
2026-01-06 15:10:46 INFO  Log - verifying login page
2026-01-06 15:10:46 INFO  BaseTest - Stopping testing
2026-01-06 15:11:54 INFO  Utils - [TestNG] Running:
  C:\Users\ACER\AppData\Local\JetBrains\IntelliJIdea2025.1\temp-testng-customsuite.xml

2026-01-06 15:11:55 INFO  Log - Starting test
2026-01-06 15:11:58 INFO  Log - Heated in the link
2026-01-06 15:11:59 INFO  Log - testValidLogin
2026-01-06 15:11:59 INFO  Log - testValidLogin2...
2026-01-06 15:11:59 INFO  Log - Clicking submit
2026-01-06 15:12:00 INFO  Log - verifying login page
2026-01-06 15:12:01 INFO  BaseTest - Stopping testing
2026-01-06 15:13:45 INFO  Utils - [TestNG] Running:
  C:\Users\ACER\AppData\Local\JetBrains\IntelliJIdea2025.1\temp-testng-customsuite.xml

2026-01-06 15:13:45 INFO  Log - Starting test
2026-01-06 15:13:47 INFO  Log - Heated in the link
2026-01-06 15:13:48 INFO  Log - testValidLogin
2026-01-06 15:13:48 INFO  Log - testValidLogin2...
2026-01-06 15:13:48 INFO  Log - Clicking submit
2026-01-06 15:13:55 INFO  Log - verifying login page
2026-01-06 15:13:55 INFO  BaseTest - Stopping testing
2026-01-06 15:13:55 INFO  Log - Starting test
2026-01-06 15:13:56 INFO  Log - Heated in the link
2026-01-06 15:14:02 INFO  Log - testValidLogin
2026-01-06 15:14:02 INFO  Log - testValidLogin2...
2026-01-06 15:14:02 INFO  Log - Clicking submit
2026-01-06 15:14:06 INFO  Log - verifying login page
2026-01-06 15:14:06 INFO  BaseTest - Stopping testing
2026-01-06 15:17:41 INFO  Utils - [TestNG] Running:
  C:\Users\ACER\AppData\Local\JetBrains\IntelliJIdea2025.1\temp-testng-customsuite.xml

2026-01-06 15:17:42 INFO  Log - Starting test
2026-01-06 15:17:44 INFO  Log - Heated in the link
2026-01-06 15:17:47 INFO  Log - testValidLogin
2026-01-06 15:17:47 INFO  Log - testValidLogin2...
2026-01-06 15:17:47 INFO  Log - Clicking submit
2026-01-06 15:17:48 INFO  Log - verifying login page
2026-01-06 15:17:48 INFO  BaseTest - Stopping testing
2026-01-06 20:34:04 INFO  Utils - [TestNG] Running:
  C:\Users\ACER\AppData\Local\JetBrains\IntelliJIdea2025.1\temp-testng-customsuite.xml

2026-01-06 20:34:04 INFO  Log - Starting test
2026-01-06 20:34:11 INFO  Log - Heated in the link
2026-01-06 20:34:12 INFO  Log - testValidLogin
2026-01-06 20:34:12 INFO  Log - testValidLogin2...
2026-01-06 20:34:12 INFO  Log - Clicking submit
2026-01-06 20:34:13 INFO  Log - verifying login page
2026-01-06 20:34:13 INFO  BaseTest - Stopping testing
2026-01-06 20:34:13 INFO  Log - Starting test
2026-01-06 20:34:14 INFO  Log - Heated in the link
2026-01-06 20:34:15 INFO  Log - testValidLogin
2026-01-06 20:34:15 INFO  Log - testValidLogin2...
2026-01-06 20:34:15 INFO  Log - Clicking submit
2026-01-06 20:34:15 INFO  Log - verifying login page
2026-01-06 20:34:16 INFO  BaseTest - Stopping testing
2026-01-06 20:34:54 INFO  Utils - [TestNG] Running:
  C:\Users\ACER\AppData\Local\JetBrains\IntelliJIdea2025.1\temp-testng-customsuite.xml

2026-01-06 20:34:55 INFO  Log - Starting test
2026-01-06 20:34:56 INFO  Log - Heated in the link
2026-01-06 20:34:56 INFO  Log - testValidLogin
2026-01-06 20:34:56 INFO  Log - testValidLogin2...
2026-01-06 20:34:57 INFO  Log - Clicking submit
2026-01-06 20:34:57 INFO  Log - verifying login page
2026-01-06 20:34:57 INFO  BaseTest - Stopping testing
2026-01-06 20:34:57 INFO  Log - Starting test
2026-01-06 20:34:58 INFO  Log - Heated in the link
2026-01-06 20:34:59 INFO  Log - testValidLogin
2026-01-06 20:34:59 INFO  Log - testValidLogin2...
2026-01-06 20:34:59 INFO  Log - Clicking submit
2026-01-06 20:35:00 INFO  Log - verifying login page
2026-01-06 20:35:00 INFO  BaseTest - Stopping testing
2026-01-07 13:28:59 INFO  Utils - [TestNG] Running:
  C:\Users\ACER\AppData\Local\JetBrains\IntelliJIdea2025.1\temp-testng-customsuite.xml

2026-01-07 13:42:42 INFO  Utils - [TestNG] Running:
  C:\Users\ACER\AppData\Local\JetBrains\IntelliJIdea2025.1\temp-testng-customsuite.xml

2026-01-07 13:50:26 INFO  Utils - [TestNG] Running:
  C:\Users\ACER\AppData\Local\JetBrains\IntelliJIdea2025.1\temp-testng-customsuite.xml

2026-01-07 13:51:53 INFO  Utils - [TestNG] Running:
  C:\Users\ACER\AppData\Local\JetBrains\IntelliJIdea2025.1\temp-testng-customsuite.xml

2026-01-07 13:53:47 INFO  Utils - [TestNG] Running:
  C:\Users\ACER\AppData\Local\JetBrains\IntelliJIdea2025.1\temp-testng-customsuite.xml

2026-01-07 13:55:46 INFO  Utils - [TestNG] Running:
  C:\Users\ACER\AppData\Local\JetBrains\IntelliJIdea2025.1\temp-testng-customsuite.xml

2026-01-07 13:55:47 INFO  Log - Starting test
2026-01-07 13:55:56 INFO  Log - Heated in the link
2026-01-07 13:55:57 INFO  Log - testValidLogin
2026-01-07 13:55:57 INFO  Log - testValidLogin2...
2026-01-07 13:55:58 INFO  BaseTest - Stopping testing
2026-01-07 13:55:58 INFO  Log - Starting test
2026-01-07 13:56:00 INFO  Log - Heated in the link
2026-01-07 13:56:00 INFO  Log - testValidLogin
2026-01-07 13:56:00 INFO  Log - testValidLogin2...
2026-01-07 13:56:01 INFO  Log - Clicking submit
2026-01-07 13:56:01 INFO  Log - verifying login page
2026-01-07 13:56:01 INFO  BaseTest - Stopping testing
2026-01-07 13:56:02 INFO  Log - Starting test
2026-01-07 13:56:03 INFO  Log - Heated in the link
2026-01-07 13:56:03 INFO  Log - testValidLogin
2026-01-07 13:56:03 INFO  Log - testValidLogin2...
2026-01-07 13:56:05 INFO  BaseTest - Stopping testing
2026-01-07 13:59:56 INFO  Utils - [TestNG] Running:
  C:\Users\ACER\AppData\Local\JetBrains\IntelliJIdea2025.1\temp-testng-customsuite.xml

2026-01-07 13:59:58 INFO  Log - Starting test
2026-01-07 14:00:00 INFO  Log - Heated in the link
2026-01-07 14:00:00 INFO  Log - testValidLogin
2026-01-07 14:00:01 INFO  Log - testValidLogin2...
2026-01-07 14:01:36 INFO  Utils - [TestNG] Running:
  C:\Users\ACER\AppData\Local\JetBrains\IntelliJIdea2025.1\temp-testng-customsuite.xml

2026-01-07 14:01:37 INFO  Log - Starting test
2026-01-07 14:01:39 INFO  Log - Heated in the link
2026-01-07 14:01:40 INFO  Log - testValidLogin
2026-01-07 14:01:40 INFO  Log - testValidLogin2...
2026-01-07 14:02:32 INFO  BaseTest - Stopping testing
2026-01-07 14:02:32 INFO  Log - Starting test
2026-01-07 14:02:33 INFO  Log - Heated in the link
2026-01-07 14:02:34 INFO  Log - testValidLogin
2026-01-07 14:02:34 INFO  Log - testValidLogin2...
2026-01-07 15:58:08 INFO  Utils - [TestNG] Running:
  C:\Users\ACER\AppData\Local\JetBrains\IntelliJIdea2025.1\temp-testng-customsuite.xml

2026-01-07 15:58:09 INFO  Log - Starting test
2026-01-07 15:58:15 INFO  Log - Heated in the link
2026-01-07 15:58:15 INFO  Log - testValidLogin
2026-01-07 15:58:15 INFO  Log - testValidLogin2...
2026-01-07 15:58:16 INFO  BaseTest - Stopping testing
2026-01-07 15:58:16 INFO  Log - Starting test
2026-01-07 15:58:17 INFO  Log - Heated in the link
2026-01-07 15:58:17 INFO  Log - testValidLogin
2026-01-07 15:58:17 INFO  Log - testValidLogin2...
2026-01-07 15:58:18 INFO  Log - Clicking submit
2026-01-07 15:58:18 INFO  Log - verifying login page
2026-01-07 15:58:18 INFO  BaseTest - Stopping testing
2026-01-07 15:58:18 INFO  Log - Starting test
2026-01-07 15:58:19 INFO  Log - Heated in the link
2026-01-07 15:58:20 INFO  Log - testValidLogin
2026-01-07 15:58:20 INFO  Log - testValidLogin2...
2026-01-07 15:58:20 INFO  BaseTest - Stopping testing
2026-01-08 13:23:23 INFO  Log - hello  i want the ans please
2026-01-08 13:40:40 INFO  Utils - [TestNG] Running:
  C:\Users\ACER\AppData\Local\JetBrains\IntelliJIdea2025.1\temp-testng-customsuite.xml

2026-01-08 13:40:41 INFO  Log - Starting test
2026-01-08 13:40:47 INFO  Log - Heated in the link
2026-01-08 13:40:50 INFO  Log - testValidLogin
2026-01-08 13:40:50 INFO  Log - testValidLogin2...
2026-01-08 13:40:50 INFO  Log - Clicking submit
2026-01-08 13:40:51 INFO  Log - verifying login page
2026-01-08 13:40:51 INFO  BaseTest - Stopping testing
2026-01-08 13:40:52 INFO  Log - hello  i want the ans please
2026-01-08 13:42:31 INFO  Utils - [TestNG] Running:
  C:\Users\ACER\AppData\Local\JetBrains\IntelliJIdea2025.1\temp-testng-customsuite.xml

2026-01-08 13:42:31 INFO  Log - Starting test
2026-01-08 13:42:33 INFO  Log - Heated in the link
2026-01-08 13:42:34 INFO  Log - testValidLogin
2026-01-08 13:42:34 INFO  Log - testValidLogin2...
2026-01-08 13:42:35 INFO  Log - Clicking submit
2026-01-08 13:42:35 INFO  Log - verifying login page
2026-01-08 13:42:35 INFO  BaseTest - Stopping testing
2026-01-08 13:42:36 INFO  Log - hello  i want the ans please
2026-01-08 13:42:56 INFO  Utils - [TestNG] Running:
  C:\Users\ACER\AppData\Local\JetBrains\IntelliJIdea2025.1\temp-testng-customsuite.xml

2026-01-08 13:42:57 INFO  Log - Starting test
2026-01-08 13:42:59 INFO  Log - Heated in the link
2026-01-08 13:42:59 INFO  Log - testValidLogin
2026-01-08 13:42:59 INFO  Log - testValidLogin2...
2026-01-08 13:43:00 INFO  Log - Clicking submit
2026-01-08 13:43:00 INFO  Log - verifying login page
2026-01-08 13:43:00 INFO  BaseTest - Stopping testing
2026-01-08 13:43:01 INFO  Log - hello  i want the ans please
2026-01-08 13:43:24 INFO  Utils - [TestNG] Running:
  C:\Users\ACER\AppData\Local\JetBrains\IntelliJIdea2025.1\temp-testng-customsuite.xml

2026-01-08 13:43:25 INFO  Log - Starting test
2026-01-08 13:43:27 INFO  Log - Heated in the link
2026-01-08 13:43:28 INFO  Log - testValidLogin
2026-01-08 13:43:28 INFO  Log - testValidLogin2...
2026-01-08 13:43:28 INFO  Log - Clicking submit
2026-01-08 13:43:28 INFO  Log - verifying login page
2026-01-08 13:43:28 INFO  BaseTest - Stopping testing
2026-01-08 13:43:29 INFO  Log - hello  i want the ans please
2026-01-08 13:46:21 INFO  Utils - [TestNG] Running:
  C:\Users\ACER\AppData\Local\JetBrains\IntelliJIdea2025.1\temp-testng-customsuite.xml

2026-01-08 13:46:22 INFO  Log - Starting test
2026-01-08 13:46:24 INFO  Log - Heated in the link
2026-01-08 13:46:25 INFO  Log - testValidLogin
2026-01-08 13:46:25 INFO  Log - testValidLogin2...
2026-01-08 13:46:25 INFO  Log - Clicking submit
2026-01-08 13:46:26 INFO  Log - verifying login page
2026-01-08 13:46:26 INFO  BaseTest - Stopping testing
2026-01-08 13:46:27 INFO  Log - hello  i want the ans please
2026-01-08 13:47:20 INFO  Utils - [TestNG] Running:
  C:\Users\ACER\AppData\Local\JetBrains\IntelliJIdea2025.1\temp-testng-customsuite.xml

2026-01-08 13:47:21 INFO  Log - Starting test
2026-01-08 13:47:23 INFO  Log - Heated in the link
2026-01-08 13:47:26 INFO  Log - testValidLogin
2026-01-08 13:47:26 INFO  Log - testValidLogin2...
2026-01-08 13:47:27 INFO  Log - Clicking submit
2026-01-08 13:47:28 INFO  Log - verifying login page
2026-01-08 13:47:28 INFO  BaseTest - Stopping testing
2026-01-08 13:47:29 INFO  Log - hello  i want the ans please
2026-01-08 13:48:42 INFO  Utils - [TestNG] Running:
  C:\Users\ACER\AppData\Local\JetBrains\IntelliJIdea2025.1\temp-testng-customsuite.xml

2026-01-08 13:48:42 INFO  Log - Starting test
2026-01-08 13:48:44 INFO  Log - Heated in the link
2026-01-08 13:48:45 INFO  Log - testValidLogin
2026-01-08 13:48:45 INFO  Log - testValidLogin2...
2026-01-08 13:48:46 INFO  Log - Clicking submit
2026-01-08 13:48:46 INFO  Log - verifying login page
2026-01-08 13:48:46 INFO  BaseTest - Stopping testing
2026-01-08 13:48:47 INFO  Log - hello  i want the ans please
2026-01-08 13:53:49 INFO  Utils - [TestNG] Running:
  C:\Users\ACER\AppData\Local\JetBrains\IntelliJIdea2025.1\temp-testng-customsuite.xml

2026-01-08 13:53:49 INFO  Log - Starting test
2026-01-08 13:53:51 INFO  Log - Heated in the link
2026-01-08 13:53:52 INFO  Log - testValidLogin
2026-01-08 13:53:52 INFO  Log - testValidLogin2...
2026-01-08 13:53:53 INFO  Log - Clicking submit
2026-01-08 13:53:53 INFO  Log - verifying login page
2026-01-08 13:53:53 INFO  BaseTest - Stopping testing
2026-01-08 13:53:54 INFO  Log - hello  i want the ans please
2026-01-08 13:57:44 INFO  Utils - [TestNG] Running:
  C:\Users\ACER\AppData\Local\JetBrains\IntelliJIdea2025.1\temp-testng-customsuite.xml

2026-01-08 13:57:44 INFO  Log - Starting test
2026-01-08 13:57:46 INFO  Log - Heated in the link
2026-01-08 13:57:46 INFO  Log - testValidLogin
2026-01-08 13:57:46 INFO  Log - testValidLogin2...
2026-01-08 13:57:46 INFO  Log - Clicking submit
2026-01-08 13:57:47 INFO  Log - verifying login page
2026-01-08 13:57:47 INFO  BaseTest - Stopping testing
2026-01-08 13:57:47 INFO  Log - hello  i want the ans please
2026-01-08 15:39:34 INFO  Log - hello  i want the ans please
2026-01-08 15:57:19 INFO  Log - hello  i want the ans please
2026-01-08 15:58:22 INFO  Utils - [TestNG] Running:
  C:\Users\ACER\AppData\Local\JetBrains\IntelliJIdea2025.1\temp-testng-customsuite.xml

2026-01-08 15:58:22 INFO  Log - Starting test
2026-01-08 15:58:24 INFO  Log - Heated in the link
2026-01-08 15:58:25 INFO  Log - testValidLogin
2026-01-08 15:58:25 INFO  Log - testValidLogin2...
2026-01-08 15:58:25 INFO  Log - Clicking submit
2026-01-08 15:58:25 INFO  Log - verifying login page
2026-01-08 15:58:25 INFO  BaseTest - Stopping testing
2026-01-08 15:58:26 INFO  Log - hello  i want the ans please
2026-01-08 16:01:34 INFO  Utils - [TestNG] Running:
  C:\Users\ACER\AppData\Local\JetBrains\IntelliJIdea2025.1\temp-testng-customsuite.xml

2026-01-08 16:01:34 INFO  Log - Starting test
2026-01-08 16:01:36 INFO  Log - Heated in the link
2026-01-08 16:01:36 INFO  Log - testValidLogin
2026-01-08 16:01:36 INFO  Log - testValidLogin2...
2026-01-08 16:01:37 INFO  Log - Clicking submit
2026-01-08 16:01:37 INFO  Log - verifying login page
2026-01-08 16:01:37 INFO  BaseTest - Stopping testing
2026-01-08 16:01:37 INFO  Log - hello  i want the ans please
2026-01-09 20:38:28 INFO  Utils - [TestNG] Running:
  C:\Users\ACER\AppData\Local\JetBrains\IntelliJIdea2025.1\temp-testng-customsuite.xml

2026-01-09 20:43:45 INFO  Utils - [TestNG] Running:
  C:\Users\ACER\AppData\Local\JetBrains\IntelliJIdea2025.1\temp-testng-customsuite.xml

2026-01-09 20:43:45 INFO  Utils - [TestNG] Running:
  C:\Users\ACER\AppData\Local\JetBrains\IntelliJIdea2025.1\temp-testng-customsuite.xml

2026-01-09 20:54:42 INFO  Utils - [TestNG] Running:
  C:\Users\ACER\AppData\Local\JetBrains\IntelliJIdea2025.1\temp-testng-customsuite.xml

2026-01-09 21:00:28 INFO  Utils - [TestNG] Running:
  C:\Users\ACER\AppData\Local\JetBrains\IntelliJIdea2025.1\temp-testng-customsuite.xml

2026-01-09 21:00:54 INFO  Utils - [TestNG] Running:
  C:\Users\ACER\AppData\Local\JetBrains\IntelliJIdea2025.1\temp-testng-customsuite.xml

2026-01-09 21:01:23 INFO  Utils - [TestNG] Running:
  C:\Users\ACER\AppData\Local\JetBrains\IntelliJIdea2025.1\temp-testng-customsuite.xml

2026-01-09 21:13:15 INFO  Utils - [TestNG] Running:
  C:\Users\ACER\AppData\Local\JetBrains\IntelliJIdea2025.1\temp-testng-customsuite.xml

2026-01-09 21:14:07 INFO  Utils - [TestNG] Running:
  C:\Users\ACER\AppData\Local\JetBrains\IntelliJIdea2025.1\temp-testng-customsuite.xml

2026-01-09 21:14:45 INFO  Utils - [TestNG] Running:
  C:\Users\ACER\AppData\Local\JetBrains\IntelliJIdea2025.1\temp-testng-customsuite.xml

2026-01-09 21:28:35 INFO  Utils - [TestNG] Running:
  C:\Users\ACER\AppData\Local\JetBrains\IntelliJIdea2025.1\temp-testng-customsuite.xml

2026-01-09 21:28:49 INFO  Utils - [TestNG] Running:
  C:\Users\ACER\AppData\Local\JetBrains\IntelliJIdea2025.1\temp-testng-customsuite.xml

2026-01-09 21:33:55 INFO  Utils - [TestNG] Running:
  C:\Users\ACER\AppData\Local\JetBrains\IntelliJIdea2025.1\temp-testng-customsuite.xml

2026-01-09 21:34:11 INFO  Utils - [TestNG] Running:
  C:\Users\ACER\AppData\Local\JetBrains\IntelliJIdea2025.1\temp-testng-customsuite.xml

2026-01-09 21:56:14 INFO  Utils - [TestNG] Running:
  C:\Users\ACER\AppData\Local\JetBrains\IntelliJIdea2025.1\temp-testng-customsuite.xml

2026-01-09 22:07:40 INFO  Utils - [TestNG] Running:
  C:\Users\ACER\AppData\Local\JetBrains\IntelliJIdea2025.1\temp-testng-customsuite.xml

2026-01-10 11:42:30 INFO  Utils - [TestNG] Running:
  C:\Users\ACER\AppData\Local\JetBrains\IntelliJIdea2025.1\temp-testng-customsuite.xml

2026-01-10 15:22:59 INFO  Utils - [TestNG] Running:
  C:\Users\ACER\AppData\Local\JetBrains\IntelliJIdea2025.1\temp-testng-customsuite.xml

2026-01-10 15:26:05 INFO  Utils - [TestNG] Running:
  C:\Users\ACER\AppData\Local\JetBrains\IntelliJIdea2025.1\temp-testng-customsuite.xml

2026-01-10 15:27:13 INFO  Utils - [TestNG] Running:
  C:\Users\ACER\AppData\Local\JetBrains\IntelliJIdea2025.1\temp-testng-customsuite.xml

2026-01-10 15:32:18 INFO  Utils - [TestNG] Running:
  C:\Users\ACER\AppData\Local\JetBrains\IntelliJIdea2025.1\temp-testng-customsuite.xml

2026-01-10 15:42:24 INFO  Utils - [TestNG] Running:
  C:\Users\ACER\AppData\Local\JetBrains\IntelliJIdea2025.1\temp-testng-customsuite.xml

2026-01-10 15:56:09 INFO  Utils - [TestNG] Running:
  C:\Users\ACER\AppData\Local\JetBrains\IntelliJIdea2025.1\temp-testng-customsuite.xml

2026-01-10 15:56:36 INFO  Utils - [TestNG] Running:
  C:\Users\ACER\AppData\Local\JetBrains\IntelliJIdea2025.1\temp-testng-customsuite.xml

2026-01-10 16:01:12 INFO  Utils - [TestNG] Running:
  C:\Users\ACER\AppData\Local\JetBrains\IntelliJIdea2025.1\temp-testng-customsuite.xml

2026-01-10 16:05:50 INFO  Utils - [TestNG] Running:
  C:\Users\ACER\AppData\Local\JetBrains\IntelliJIdea2025.1\temp-testng-customsuite.xml

2026-01-10 16:07:38 INFO  Utils - [TestNG] Running:
  C:\Users\ACER\AppData\Local\JetBrains\IntelliJIdea2025.1\temp-testng-customsuite.xml

2026-01-10 16:10:01 INFO  Utils - [TestNG] Running:
  C:\Users\ACER\AppData\Local\JetBrains\IntelliJIdea2025.1\temp-testng-customsuite.xml

2026-01-10 16:12:48 INFO  Utils - [TestNG] Running:
  C:\Users\ACER\AppData\Local\JetBrains\IntelliJIdea2025.1\temp-testng-customsuite.xml

2026-01-10 16:15:32 INFO  Utils - [TestNG] Running:
  C:\Users\ACER\AppData\Local\JetBrains\IntelliJIdea2025.1\temp-testng-customsuite.xml

2026-01-10 16:17:22 INFO  Utils - [TestNG] Running:
  C:\Users\ACER\AppData\Local\JetBrains\IntelliJIdea2025.1\temp-testng-customsuite.xml

2026-01-10 16:19:31 INFO  Utils - [TestNG] Running:
  C:\Users\ACER\AppData\Local\JetBrains\IntelliJIdea2025.1\temp-testng-customsuite.xml

2026-01-10 17:23:26 INFO  Utils - [TestNG] Running:
  C:\Users\ACER\AppData\Local\JetBrains\IntelliJIdea2025.1\temp-testng-customsuite.xml

2026-01-10 17:24:15 INFO  Utils - [TestNG] Running:
  C:\Users\ACER\AppData\Local\JetBrains\IntelliJIdea2025.1\temp-testng-customsuite.xml

2026-01-10 17:26:47 INFO  Utils - [TestNG] Running:
  C:\Users\ACER\AppData\Local\JetBrains\IntelliJIdea2025.1\temp-testng-customsuite.xml

2026-01-10 17:27:17 INFO  Utils - [TestNG] Running:
  C:\Users\ACER\AppData\Local\JetBrains\IntelliJIdea2025.1\temp-testng-customsuite.xml

2026-01-10 19:57:19 INFO  Utils - [TestNG] Running:
  C:\Users\ACER\AppData\Local\JetBrains\IntelliJIdea2025.1\temp-testng-customsuite.xml

2026-01-10 20:01:35 INFO  Utils - [TestNG] Running:
  C:\Users\ACER\AppData\Local\JetBrains\IntelliJIdea2025.1\temp-testng-customsuite.xml

2026-01-10 20:04:47 INFO  Utils - [TestNG] Running:
  C:\Users\ACER\AppData\Local\JetBrains\IntelliJIdea2025.1\temp-testng-customsuite.xml

2026-01-10 20:05:05 INFO  Utils - [TestNG] Running:
  C:\Users\ACER\AppData\Local\JetBrains\IntelliJIdea2025.1\temp-testng-customsuite.xml

2026-01-10 20:08:18 INFO  Utils - [TestNG] Running:
  C:\Users\ACER\AppData\Local\JetBrains\IntelliJIdea2025.1\temp-testng-customsuite.xml

2026-01-12 15:13:53 INFO  Utils - [TestNG] Running:
  C:\Users\ACER\AppData\Local\JetBrains\IntelliJIdea2025.1\temp-testng-customsuite.xml

2026-01-12 15:15:53 INFO  Utils - [TestNG] Running:
  C:\Users\ACER\AppData\Local\JetBrains\IntelliJIdea2025.1\temp-testng-customsuite.xml

2026-01-12 15:18:03 INFO  Utils - [TestNG] Running:
  C:\Users\ACER\AppData\Local\JetBrains\IntelliJIdea2025.1\temp-testng-customsuite.xml

2026-01-12 15:18:37 INFO  Utils - [TestNG] Running:
  C:\Users\ACER\AppData\Local\JetBrains\IntelliJIdea2025.1\temp-testng-customsuite.xml

2026-01-12 15:53:31 INFO  Utils - [TestNG] Running:
  C:\Users\ACER\AppData\Local\JetBrains\IntelliJIdea2025.1\temp-testng-customsuite.xml

2026-01-12 15:56:06 INFO  Utils - [TestNG] Running:
  C:\Users\ACER\AppData\Local\JetBrains\IntelliJIdea2025.1\temp-testng-customsuite.xml

2026-01-12 16:04:11 INFO  Utils - [TestNG] Running:
  C:\Users\ACER\AppData\Local\JetBrains\IntelliJIdea2025.1\temp-testng-customsuite.xml

2026-01-12 16:12:27 INFO  Utils - [TestNG] Running:
  C:\Users\ACER\AppData\Local\JetBrains\IntelliJIdea2025.1\temp-testng-customsuite.xml

2026-01-12 16:13:12 INFO  Utils - [TestNG] Running:
  C:\Users\ACER\AppData\Local\JetBrains\IntelliJIdea2025.1\temp-testng-customsuite.xml

2026-01-12 16:15:34 INFO  Utils - [TestNG] Running:
  C:\Users\ACER\AppData\Local\JetBrains\IntelliJIdea2025.1\temp-testng-customsuite.xml

2026-01-12 16:19:31 INFO  Utils - [TestNG] Running:
  C:\Users\ACER\AppData\Local\JetBrains\IntelliJIdea2025.1\temp-testng-customsuite.xml

2026-01-12 16:22:10 INFO  Utils - [TestNG] Running:
  C:\Users\ACER\AppData\Local\JetBrains\IntelliJIdea2025.1\temp-testng-customsuite.xml

2026-01-12 16:23:30 INFO  Utils - [TestNG] Running:
  C:\Users\ACER\AppData\Local\JetBrains\IntelliJIdea2025.1\temp-testng-customsuite.xml

2026-01-12 16:56:31 INFO  Utils - [TestNG] Running:
  C:\Users\ACER\AppData\Local\JetBrains\IntelliJIdea2025.1\temp-testng-customsuite.xml

2026-01-12 16:57:07 INFO  Utils - [TestNG] Running:
  C:\Users\ACER\AppData\Local\JetBrains\IntelliJIdea2025.1\temp-testng-customsuite.xml

2026-01-12 17:29:30 INFO  Utils - [TestNG] Running:
  C:\Users\ACER\AppData\Local\JetBrains\IntelliJIdea2025.1\temp-testng-customsuite.xml

2026-01-12 17:34:44 INFO  Utils - [TestNG] Running:
  C:\Users\ACER\AppData\Local\JetBrains\IntelliJIdea2025.1\temp-testng-customsuite.xml

2026-01-12 17:37:18 INFO  Utils - [TestNG] Running:
  C:\Users\ACER\AppData\Local\JetBrains\IntelliJIdea2025.1\temp-testng-customsuite.xml

2026-01-12 17:39:01 INFO  Utils - [TestNG] Running:
  C:\Users\ACER\AppData\Local\JetBrains\IntelliJIdea2025.1\temp-testng-customsuite.xml

2026-01-12 17:43:04 INFO  Utils - [TestNG] Running:
  C:\Users\ACER\AppData\Local\JetBrains\IntelliJIdea2025.1\temp-testng-customsuite.xml

2026-01-12 17:45:08 INFO  Utils - [TestNG] Running:
  C:\Users\ACER\AppData\Local\JetBrains\IntelliJIdea2025.1\temp-testng-customsuite.xml

2026-01-12 17:46:02 INFO  Utils - [TestNG] Running:
  C:\Users\ACER\AppData\Local\JetBrains\IntelliJIdea2025.1\temp-testng-customsuite.xml

2026-01-12 17:46:26 INFO  Utils - [TestNG] Running:
  C:\Users\ACER\AppData\Local\JetBrains\IntelliJIdea2025.1\temp-testng-customsuite.xml

2026-01-12 17:48:36 INFO  Utils - [TestNG] Running:
  C:\Users\ACER\AppData\Local\JetBrains\IntelliJIdea2025.1\temp-testng-customsuite.xml

2026-01-12 17:48:56 INFO  Utils - [TestNG] Running:
  C:\Users\ACER\AppData\Local\JetBrains\IntelliJIdea2025.1\temp-testng-customsuite.xml

2026-01-12 17:53:44 INFO  Utils - [TestNG] Running:
  C:\Users\ACER\AppData\Local\JetBrains\IntelliJIdea2025.1\temp-testng-customsuite.xml

2026-01-12 20:20:02 INFO  Utils - [TestNG] Running:
  C:\Users\ACER\AppData\Local\JetBrains\IntelliJIdea2025.1\temp-testng-customsuite.xml

2026-01-12 20:36:04 INFO  Utils - [TestNG] Running:
  C:\Users\ACER\AppData\Local\JetBrains\IntelliJIdea2025.1\temp-testng-customsuite.xml

2026-01-12 20:36:32 INFO  Utils - [TestNG] Running:
  C:\Users\ACER\AppData\Local\JetBrains\IntelliJIdea2025.1\temp-testng-customsuite.xml

2026-01-12 20:40:02 INFO  Utils - [TestNG] Running:
  C:\Users\ACER\AppData\Local\JetBrains\IntelliJIdea2025.1\temp-testng-customsuite.xml

2026-01-12 20:43:33 INFO  Utils - [TestNG] Running:
  C:\Users\ACER\AppData\Local\JetBrains\IntelliJIdea2025.1\temp-testng-customsuite.xml

2026-01-12 20:50:38 INFO  Utils - [TestNG] Running:
  C:\Users\ACER\AppData\Local\JetBrains\IntelliJIdea2025.1\temp-testng-customsuite.xml

2026-01-12 21:12:46 INFO  Utils - [TestNG] Running:
  C:\Users\ACER\AppData\Local\JetBrains\IntelliJIdea2025.1\temp-testng-customsuite.xml

2026-01-12 21:14:40 INFO  Utils - [TestNG] Running:
  C:\Users\ACER\AppData\Local\JetBrains\IntelliJIdea2025.1\temp-testng-customsuite.xml

2026-01-12 21:15:52 INFO  Utils - [TestNG] Running:
  C:\Users\ACER\AppData\Local\JetBrains\IntelliJIdea2025.1\temp-testng-customsuite.xml

2026-01-12 21:42:28 INFO  Utils - [TestNG] Running:
  C:\Users\ACER\AppData\Local\JetBrains\IntelliJIdea2025.1\temp-testng-customsuite.xml

2026-01-12 21:43:21 INFO  Utils - [TestNG] Running:
  C:\Users\ACER\AppData\Local\JetBrains\IntelliJIdea2025.1\temp-testng-customsuite.xml

2026-01-12 21:45:52 INFO  Utils - [TestNG] Running:
  C:\Users\ACER\AppData\Local\JetBrains\IntelliJIdea2025.1\temp-testng-customsuite.xml

2026-01-12 21:47:20 INFO  Utils - [TestNG] Running:
  C:\Users\ACER\AppData\Local\JetBrains\IntelliJIdea2025.1\temp-testng-customsuite.xml

2026-01-12 21:51:03 INFO  Utils - [TestNG] Running:
  C:\Users\ACER\AppData\Local\JetBrains\IntelliJIdea2025.1\temp-testng-customsuite.xml

2026-01-12 21:53:54 INFO  Utils - [TestNG] Running:
  C:\Users\ACER\AppData\Local\JetBrains\IntelliJIdea2025.1\temp-testng-customsuite.xml

2026-01-12 21:55:30 INFO  Utils - [TestNG] Running:
  C:\Users\ACER\AppData\Local\JetBrains\IntelliJIdea2025.1\temp-testng-customsuite.xml

2026-01-12 22:00:42 INFO  Utils - [TestNG] Running:
  C:\Users\ACER\AppData\Local\JetBrains\IntelliJIdea2025.1\temp-testng-customsuite.xml

2026-01-12 22:01:52 INFO  Utils - [TestNG] Running:
  C:\Users\ACER\AppData\Local\JetBrains\IntelliJIdea2025.1\temp-testng-customsuite.xml

2026-01-12 22:02:36 INFO  Utils - [TestNG] Running:
  C:\Users\ACER\AppData\Local\JetBrains\IntelliJIdea2025.1\temp-testng-customsuite.xml

2026-01-12 22:04:46 INFO  Utils - [TestNG] Running:
  C:\Users\ACER\AppData\Local\JetBrains\IntelliJIdea2025.1\temp-testng-customsuite.xml

2026-01-12 22:05:17 INFO  Utils - [TestNG] Running:
  C:\Users\ACER\AppData\Local\JetBrains\IntelliJIdea2025.1\temp-testng-customsuite.xml

2026-01-12 22:07:08 INFO  Utils - [TestNG] Running:
  C:\Users\ACER\AppData\Local\JetBrains\IntelliJIdea2025.1\temp-testng-customsuite.xml

2026-01-12 22:07:53 INFO  Utils - [TestNG] Running:
  C:\Users\ACER\AppData\Local\JetBrains\IntelliJIdea2025.1\temp-testng-customsuite.xml

2026-01-12 22:11:29 INFO  Utils - [TestNG] Running:
  C:\Users\ACER\AppData\Local\JetBrains\IntelliJIdea2025.1\temp-testng-customsuite.xml

2026-01-12 22:13:37 INFO  Utils - [TestNG] Running:
  C:\Users\ACER\AppData\Local\JetBrains\IntelliJIdea2025.1\temp-testng-customsuite.xml

2026-01-13 11:38:01 INFO  Utils - [TestNG] Running:
  C:\Users\ACER\AppData\Local\JetBrains\IntelliJIdea2025.1\temp-testng-customsuite.xml

2026-01-13 11:40:30 INFO  Utils - [TestNG] Running:
  C:\Users\ACER\AppData\Local\JetBrains\IntelliJIdea2025.1\temp-testng-customsuite.xml

2026-01-13 11:47:18 INFO  Utils - [TestNG] Running:
  C:\Users\ACER\AppData\Local\JetBrains\IntelliJIdea2025.1\temp-testng-customsuite.xml

2026-01-13 11:47:52 INFO  Utils - [TestNG] Running:
  C:\Users\ACER\AppData\Local\JetBrains\IntelliJIdea2025.1\temp-testng-customsuite.xml

2026-01-13 11:48:46 INFO  Utils - [TestNG] Running:
  C:\Users\ACER\AppData\Local\JetBrains\IntelliJIdea2025.1\temp-testng-customsuite.xml

2026-01-13 11:53:07 INFO  Utils - [TestNG] Running:
  C:\Users\ACER\AppData\Local\JetBrains\IntelliJIdea2025.1\temp-testng-customsuite.xml

2026-01-13 11:53:49 INFO  Utils - [TestNG] Running:
  C:\Users\ACER\AppData\Local\JetBrains\IntelliJIdea2025.1\temp-testng-customsuite.xml

2026-01-13 11:55:31 INFO  Utils - [TestNG] Running:
  C:\Users\ACER\AppData\Local\JetBrains\IntelliJIdea2025.1\temp-testng-customsuite.xml

2026-01-13 11:55:50 INFO  Utils - [TestNG] Running:
  C:\Users\ACER\AppData\Local\JetBrains\IntelliJIdea2025.1\temp-testng-customsuite.xml

2026-01-13 12:01:00 INFO  Utils - [TestNG] Running:
  C:\Users\ACER\AppData\Local\JetBrains\IntelliJIdea2025.1\temp-testng-customsuite.xml

2026-01-13 12:01:28 INFO  Utils - [TestNG] Running:
  C:\Users\ACER\AppData\Local\JetBrains\IntelliJIdea2025.1\temp-testng-customsuite.xml

2026-01-13 12:01:43 INFO  Utils - [TestNG] Running:
  C:\Users\ACER\AppData\Local\JetBrains\IntelliJIdea2025.1\temp-testng-customsuite.xml

2026-01-13 12:02:15 INFO  Utils - [TestNG] Running:
  C:\Users\ACER\AppData\Local\JetBrains\IntelliJIdea2025.1\temp-testng-customsuite.xml

2026-01-13 12:03:13 INFO  Utils - [TestNG] Running:
  C:\Users\ACER\AppData\Local\JetBrains\IntelliJIdea2025.1\temp-testng-customsuite.xml

2026-01-13 12:03:45 INFO  Utils - [TestNG] Running:
  C:\Users\ACER\AppData\Local\JetBrains\IntelliJIdea2025.1\temp-testng-customsuite.xml

2026-01-13 12:04:26 INFO  Utils - [TestNG] Running:
  C:\Users\ACER\AppData\Local\JetBrains\IntelliJIdea2025.1\temp-testng-customsuite.xml

2026-01-13 12:04:39 INFO  Utils - [TestNG] Running:
  C:\Users\ACER\AppData\Local\JetBrains\IntelliJIdea2025.1\temp-testng-customsuite.xml

2026-01-13 12:04:55 INFO  Utils - [TestNG] Running:
  C:\Users\ACER\AppData\Local\JetBrains\IntelliJIdea2025.1\temp-testng-customsuite.xml

2026-01-13 12:06:34 INFO  Utils - [TestNG] Running:
  C:\Users\ACER\AppData\Local\JetBrains\IntelliJIdea2025.1\temp-testng-customsuite.xml

2026-01-13 12:15:36 INFO  Utils - [TestNG] Running:
  C:\Users\ACER\AppData\Local\JetBrains\IntelliJIdea2025.1\temp-testng-customsuite.xml

2026-01-13 12:19:57 INFO  Utils - [TestNG] Running:
  C:\Users\ACER\AppData\Local\JetBrains\IntelliJIdea2025.1\temp-testng-customsuite.xml

2026-01-13 12:21:20 INFO  Utils - [TestNG] Running:
  C:\Users\ACER\AppData\Local\JetBrains\IntelliJIdea2025.1\temp-testng-customsuite.xml

2026-01-13 12:21:35 INFO  Utils - [TestNG] Running:
  C:\Users\ACER\AppData\Local\JetBrains\IntelliJIdea2025.1\temp-testng-customsuite.xml

2026-01-13 12:25:05 INFO  Utils - [TestNG] Running:
  C:\Users\ACER\AppData\Local\JetBrains\IntelliJIdea2025.1\temp-testng-customsuite.xml

2026-01-13 12:33:51 INFO  Utils - [TestNG] Running:
  C:\Users\ACER\AppData\Local\JetBrains\IntelliJIdea2025.1\temp-testng-customsuite.xml

2026-01-13 12:34:43 INFO  Utils - [TestNG] Running:
  C:\Users\ACER\AppData\Local\JetBrains\IntelliJIdea2025.1\temp-testng-customsuite.xml

2026-01-13 12:35:08 INFO  Utils - [TestNG] Running:
  C:\Users\ACER\AppData\Local\JetBrains\IntelliJIdea2025.1\temp-testng-customsuite.xml

2026-01-13 12:39:22 INFO  Utils - [TestNG] Running:
  C:\Users\ACER\AppData\Local\JetBrains\IntelliJIdea2025.1\temp-testng-customsuite.xml

2026-01-13 12:41:40 INFO  Utils - [TestNG] Running:
  C:\Users\ACER\AppData\Local\JetBrains\IntelliJIdea2025.1\temp-testng-customsuite.xml

2026-01-13 12:43:18 INFO  Utils - [TestNG] Running:
  C:\Users\ACER\AppData\Local\JetBrains\IntelliJIdea2025.1\temp-testng-customsuite.xml

2026-01-13 12:44:29 INFO  Utils - [TestNG] Running:
  C:\Users\ACER\AppData\Local\JetBrains\IntelliJIdea2025.1\temp-testng-customsuite.xml

2026-01-13 12:53:51 INFO  Utils - [TestNG] Running:
  C:\Users\ACER\AppData\Local\JetBrains\IntelliJIdea2025.1\temp-testng-customsuite.xml

2026-01-13 12:54:31 INFO  Utils - [TestNG] Running:
  C:\Users\ACER\AppData\Local\JetBrains\IntelliJIdea2025.1\temp-testng-customsuite.xml

2026-01-13 20:50:54 INFO  Utils - [TestNG] Running:
  C:\Users\ACER\AppData\Local\JetBrains\IntelliJIdea2025.1\temp-testng-customsuite.xml

2026-01-13 21:06:35 INFO  Utils - [TestNG] Running:
  C:\Users\ACER\AppData\Local\JetBrains\IntelliJIdea2025.1\temp-testng-customsuite.xml

2026-01-13 21:07:50 INFO  Utils - [TestNG] Running:
  C:\Users\ACER\AppData\Local\JetBrains\IntelliJIdea2025.1\temp-testng-customsuite.xml

2026-01-13 21:17:25 INFO  Utils - [TestNG] Running:
  C:\Users\ACER\AppData\Local\JetBrains\IntelliJIdea2025.1\temp-testng-customsuite.xml

2026-01-13 21:17:30 INFO  Utils - [TestNG] Running:
  C:\Users\ACER\AppData\Local\JetBrains\IntelliJIdea2025.1\temp-testng-customsuite.xml

2026-01-13 21:18:51 INFO  Utils - [TestNG] Running:
  C:\Users\ACER\AppData\Local\JetBrains\IntelliJIdea2025.1\temp-testng-customsuite.xml

2026-01-13 21:20:46 INFO  Utils - [TestNG] Running:
  C:\Users\ACER\AppData\Local\JetBrains\IntelliJIdea2025.1\temp-testng-customsuite.xml

2026-01-13 21:40:58 INFO  Utils - [TestNG] Running:
  C:\Users\ACER\AppData\Local\JetBrains\IntelliJIdea2025.1\temp-testng-customsuite.xml

2026-01-13 21:41:09 INFO  Utils - [TestNG] Running:
  C:\Users\ACER\AppData\Local\JetBrains\IntelliJIdea2025.1\temp-testng-customsuite.xml

2026-01-13 21:41:43 INFO  Utils - [TestNG] Running:
  C:\Users\ACER\AppData\Local\JetBrains\IntelliJIdea2025.1\temp-testng-customsuite.xml

2026-01-13 21:43:13 INFO  Utils - [TestNG] Running:
  C:\Users\ACER\AppData\Local\JetBrains\IntelliJIdea2025.1\temp-testng-customsuite.xml

2026-01-13 21:44:11 INFO  Utils - [TestNG] Running:
  C:\Users\ACER\AppData\Local\JetBrains\IntelliJIdea2025.1\temp-testng-customsuite.xml

2026-01-13 21:48:16 INFO  Utils - [TestNG] Running:
  C:\Users\ACER\AppData\Local\JetBrains\IntelliJIdea2025.1\temp-testng-customsuite.xml

2026-01-14 14:15:23 INFO  Utils - [TestNG] Running:
  C:\Users\ACER\AppData\Local\JetBrains\IntelliJIdea2025.1\temp-testng-customsuite.xml

2026-01-14 14:19:42 INFO  Utils - [TestNG] Running:
  C:\Users\ACER\AppData\Local\JetBrains\IntelliJIdea2025.1\temp-testng-customsuite.xml

2026-01-14 14:20:00 INFO  Utils - [TestNG] Running:
  C:\Users\ACER\AppData\Local\JetBrains\IntelliJIdea2025.1\temp-testng-customsuite.xml

2026-01-14 14:22:04 INFO  Utils - [TestNG] Running:
  C:\Users\ACER\AppData\Local\JetBrains\IntelliJIdea2025.1\temp-testng-customsuite.xml

2026-01-14 14:24:51 INFO  Utils - [TestNG] Running:
  C:\Users\ACER\AppData\Local\JetBrains\IntelliJIdea2025.1\temp-testng-customsuite.xml

2026-01-14 14:25:54 INFO  Utils - [TestNG] Running:
  C:\Users\ACER\AppData\Local\JetBrains\IntelliJIdea2025.1\temp-testng-customsuite.xml

2026-01-14 14:31:42 INFO  Utils - [TestNG] Running:
  C:\Users\ACER\AppData\Local\JetBrains\IntelliJIdea2025.1\temp-testng-customsuite.xml

2026-01-14 14:33:05 INFO  Utils - [TestNG] Running:
  C:\Users\ACER\AppData\Local\JetBrains\IntelliJIdea2025.1\temp-testng-customsuite.xml

2026-01-14 14:38:29 INFO  Utils - [TestNG] Running:
  C:\Users\ACER\AppData\Local\JetBrains\IntelliJIdea2025.1\temp-testng-customsuite.xml

2026-01-14 16:02:54 INFO  Utils - [TestNG] Running:
  C:\Users\ACER\AppData\Local\JetBrains\IntelliJIdea2025.1\temp-testng-customsuite.xml

2026-01-14 16:02:59 INFO  Utils - [TestNG] Running:
  C:\Users\ACER\AppData\Local\JetBrains\IntelliJIdea2025.1\temp-testng-customsuite.xml

2026-01-14 16:05:44 INFO  Utils - [TestNG] Running:
  C:\Users\ACER\AppData\Local\JetBrains\IntelliJIdea2025.1\temp-testng-customsuite.xml

2026-01-14 16:12:42 INFO  Utils - [TestNG] Running:
  C:\Users\ACER\AppData\Local\JetBrains\IntelliJIdea2025.1\temp-testng-customsuite.xml

2026-01-14 16:19:31 INFO  Utils - [TestNG] Running:
  C:\Users\ACER\AppData\Local\JetBrains\IntelliJIdea2025.1\temp-testng-customsuite.xml

2026-01-14 16:31:31 INFO  Utils - [TestNG] Running:
  C:\Users\ACER\AppData\Local\JetBrains\IntelliJIdea2025.1\temp-testng-customsuite.xml

2026-01-14 16:31:48 INFO  Utils - [TestNG] Running:
  C:\Users\ACER\AppData\Local\JetBrains\IntelliJIdea2025.1\temp-testng-customsuite.xml

2026-01-14 16:50:37 INFO  Utils - [TestNG] Running:
  C:\Users\ACER\AppData\Local\JetBrains\IntelliJIdea2025.1\temp-testng-customsuite.xml

2026-01-14 16:56:18 INFO  Utils - [TestNG] Running:
  C:\Users\ACER\AppData\Local\JetBrains\IntelliJIdea2025.1\temp-testng-customsuite.xml

2026-01-14 17:20:54 INFO  Utils - [TestNG] Running:
  C:\Users\ACER\AppData\Local\JetBrains\IntelliJIdea2025.1\temp-testng-customsuite.xml

2026-01-15 17:10:01 INFO  Utils - [TestNG] Running:
  C:\Users\ACER\AppData\Local\JetBrains\IntelliJIdea2025.1\temp-testng-customsuite.xml

2026-01-15 17:10:44 INFO  Utils - [TestNG] Running:
  C:\Users\ACER\AppData\Local\JetBrains\IntelliJIdea2025.1\temp-testng-customsuite.xml

2026-01-15 17:11:33 INFO  Utils - [TestNG] Running:
  C:\Users\ACER\AppData\Local\JetBrains\IntelliJIdea2025.1\temp-testng-customsuite.xml

2026-01-15 17:12:36 INFO  Utils - [TestNG] Running:
  C:\Users\ACER\AppData\Local\JetBrains\IntelliJIdea2025.1\temp-testng-customsuite.xml

2026-01-15 17:13:05 INFO  Utils - [TestNG] Running:
  C:\Users\ACER\AppData\Local\JetBrains\IntelliJIdea2025.1\temp-testng-customsuite.xml

2026-01-15 17:15:04 INFO  Utils - [TestNG] Running:
  C:\Users\ACER\AppData\Local\JetBrains\IntelliJIdea2025.1\temp-testng-customsuite.xml

2026-01-15 17:17:20 INFO  Utils - [TestNG] Running:
  C:\Users\ACER\AppData\Local\JetBrains\IntelliJIdea2025.1\temp-testng-customsuite.xml

2026-01-15 20:57:09 INFO  Utils - [TestNG] Running:
  C:\Users\ACER\AppData\Local\JetBrains\IntelliJIdea2025.1\temp-testng-customsuite.xml

2026-01-15 20:58:26 INFO  Utils - [TestNG] Running:
  C:\Users\ACER\AppData\Local\JetBrains\IntelliJIdea2025.1\temp-testng-customsuite.xml

2026-01-15 20:59:54 INFO  Utils - [TestNG] Running:
  C:\Users\ACER\AppData\Local\JetBrains\IntelliJIdea2025.1\temp-testng-customsuite.xml

2026-01-15 21:02:35 INFO  Utils - [TestNG] Running:
  C:\Users\ACER\AppData\Local\JetBrains\IntelliJIdea2025.1\temp-testng-customsuite.xml

2026-01-15 21:03:59 INFO  Utils - [TestNG] Running:
  C:\Users\ACER\AppData\Local\JetBrains\IntelliJIdea2025.1\temp-testng-customsuite.xml

2026-01-15 21:04:09 INFO  Utils - [TestNG] Running:
  C:\Users\ACER\AppData\Local\JetBrains\IntelliJIdea2025.1\temp-testng-customsuite.xml

2026-01-15 21:04:57 INFO  Utils - [TestNG] Running:
  C:\Users\ACER\AppData\Local\JetBrains\IntelliJIdea2025.1\temp-testng-customsuite.xml

2026-01-15 21:09:09 INFO  Utils - [TestNG] Running:
  C:\Users\ACER\AppData\Local\JetBrains\IntelliJIdea2025.1\temp-testng-customsuite.xml

2026-01-15 21:11:06 INFO  Utils - [TestNG] Running:
  C:\Users\ACER\AppData\Local\JetBrains\IntelliJIdea2025.1\temp-testng-customsuite.xml

2026-01-15 21:13:26 INFO  Utils - [TestNG] Running:
  C:\Users\ACER\AppData\Local\JetBrains\IntelliJIdea2025.1\temp-testng-customsuite.xml

2026-01-15 21:18:11 INFO  Utils - [TestNG] Running:
  C:\Users\ACER\AppData\Local\JetBrains\IntelliJIdea2025.1\temp-testng-customsuite.xml

2026-01-15 21:21:16 INFO  Utils - [TestNG] Running:
  C:\Users\ACER\AppData\Local\JetBrains\IntelliJIdea2025.1\temp-testng-customsuite.xml

2026-01-15 21:26:53 INFO  Utils - [TestNG] Running:
  C:\Users\ACER\AppData\Local\JetBrains\IntelliJIdea2025.1\temp-testng-customsuite.xml

2026-01-15 21:29:34 INFO  Utils - [TestNG] Running:
  C:\Users\ACER\AppData\Local\JetBrains\IntelliJIdea2025.1\temp-testng-customsuite.xml

2026-01-15 21:29:56 INFO  Utils - [TestNG] Running:
  C:\Users\ACER\AppData\Local\JetBrains\IntelliJIdea2025.1\temp-testng-customsuite.xml

2026-01-15 21:30:16 INFO  Utils - [TestNG] Running:
  C:\Users\ACER\AppData\Local\JetBrains\IntelliJIdea2025.1\temp-testng-customsuite.xml

2026-01-22 19:52:19 INFO  Utils - [TestNG] Running:
  C:\Users\ACER\AppData\Local\JetBrains\IntelliJIdea2025.1\temp-testng-customsuite.xml

2026-01-22 19:59:41 INFO  Utils - [TestNG] Running:
  C:\Users\ACER\AppData\Local\JetBrains\IntelliJIdea2025.1\temp-testng-customsuite.xml

2026-01-22 20:45:15 INFO  Utils - [TestNG] Running:
  C:\Users\ACER\AppData\Local\JetBrains\IntelliJIdea2025.1\temp-testng-customsuite.xml

2026-01-22 20:46:06 INFO  Utils - [TestNG] Running:
  C:\Users\ACER\AppData\Local\JetBrains\IntelliJIdea2025.1\temp-testng-customsuite.xml

2026-01-25 17:45:04 INFO  Utils - [TestNG] Running:
  C:\Users\ACER\AppData\Local\JetBrains\IntelliJIdea2025.1\temp-testng-customsuite.xml

2026-01-25 17:45:33 INFO  Utils - [TestNG] Running:
  C:\Users\ACER\AppData\Local\JetBrains\IntelliJIdea2025.1\temp-testng-customsuite.xml

2026-01-25 17:48:17 INFO  Utils - [TestNG] Running:
  C:\Users\ACER\AppData\Local\JetBrains\IntelliJIdea2025.1\temp-testng-customsuite.xml

2026-01-25 17:48:38 INFO  Utils - [TestNG] Running:
  C:\Users\ACER\AppData\Local\JetBrains\IntelliJIdea2025.1\temp-testng-customsuite.xml

2026-01-25 17:48:53 INFO  Utils - [TestNG] Running:
  C:\Users\ACER\AppData\Local\JetBrains\IntelliJIdea2025.1\temp-testng-customsuite.xml

2026-01-25 17:49:08 INFO  Utils - [TestNG] Running:
  C:\Users\ACER\AppData\Local\JetBrains\IntelliJIdea2025.1\temp-testng-customsuite.xml

2026-01-25 17:49:21 INFO  Utils - [TestNG] Running:
  C:\Users\ACER\AppData\Local\JetBrains\IntelliJIdea2025.1\temp-testng-customsuite.xml

2026-01-25 17:49:29 INFO  Utils - [TestNG] Running:
  C:\Users\ACER\AppData\Local\JetBrains\IntelliJIdea2025.1\temp-testng-customsuite.xml

2026-01-25 17:49:38 INFO  Utils - [TestNG] Running:
  C:\Users\ACER\AppData\Local\JetBrains\IntelliJIdea2025.1\temp-testng-customsuite.xml

2026-01-25 18:04:31 INFO  Utils - [TestNG] Running:
  C:\Users\ACER\AppData\Local\JetBrains\IntelliJIdea2025.1\temp-testng-customsuite.xml

2026-01-25 18:05:19 INFO  Utils - [TestNG] Running:
  C:\Users\ACER\AppData\Local\JetBrains\IntelliJIdea2025.1\temp-testng-customsuite.xml

2026-01-25 18:09:09 INFO  Utils - [TestNG] Running:
  C:\Users\ACER\AppData\Local\JetBrains\IntelliJIdea2025.1\temp-testng-customsuite.xml

2026-01-25 18:13:09 INFO  Utils - [TestNG] Running:
  C:\Users\ACER\AppData\Local\JetBrains\IntelliJIdea2025.1\temp-testng-customsuite.xml

2026-01-25 18:15:18 INFO  Utils - [TestNG] Running:
  C:\Users\ACER\AppData\Local\JetBrains\IntelliJIdea2025.1\temp-testng-customsuite.xml

2026-01-25 18:15:32 INFO  Utils - [TestNG] Running:
  C:\Users\ACER\AppData\Local\JetBrains\IntelliJIdea2025.1\temp-testng-customsuite.xml

2026-01-25 18:21:45 INFO  Utils - [TestNG] Running:
  C:\Users\ACER\AppData\Local\JetBrains\IntelliJIdea2025.1\temp-testng-customsuite.xml

2026-01-25 18:25:49 INFO  Utils - [TestNG] Running:
  C:\Users\ACER\AppData\Local\JetBrains\IntelliJIdea2025.1\temp-testng-customsuite.xml

2026-01-25 18:26:21 INFO  Utils - [TestNG] Running:
  C:\Users\ACER\AppData\Local\JetBrains\IntelliJIdea2025.1\temp-testng-customsuite.xml

2026-01-25 18:27:18 INFO  Utils - [TestNG] Running:
  C:\Users\ACER\AppData\Local\JetBrains\IntelliJIdea2025.1\temp-testng-customsuite.xml

2026-01-25 18:27:58 INFO  Utils - [TestNG] Running:
  C:\Users\ACER\AppData\Local\JetBrains\IntelliJIdea2025.1\temp-testng-customsuite.xml

2026-01-25 18:29:17 INFO  Utils - [TestNG] Running:
  C:\Users\ACER\AppData\Local\JetBrains\IntelliJIdea2025.1\temp-testng-customsuite.xml

2026-01-25 18:30:00 INFO  Utils - [TestNG] Running:
  C:\Users\ACER\AppData\Local\JetBrains\IntelliJIdea2025.1\temp-testng-customsuite.xml

2026-01-25 18:33:55 INFO  Utils - [TestNG] Running:
  C:\Users\ACER\AppData\Local\JetBrains\IntelliJIdea2025.1\temp-testng-customsuite.xml

2026-01-25 18:35:06 INFO  Utils - [TestNG] Running:
  C:\Users\ACER\AppData\Local\JetBrains\IntelliJIdea2025.1\temp-testng-customsuite.xml

2026-01-25 18:35:20 INFO  Utils - [TestNG] Running:
  C:\Users\ACER\AppData\Local\JetBrains\IntelliJIdea2025.1\temp-testng-customsuite.xml

2026-01-25 20:18:09 INFO  Utils - [TestNG] Running:
  C:\Users\ACER\AppData\Local\JetBrains\IntelliJIdea2025.1\temp-testng-customsuite.xml

2026-01-25 20:19:20 INFO  Utils - [TestNG] Running:
  C:\Users\ACER\AppData\Local\JetBrains\IntelliJIdea2025.1\temp-testng-customsuite.xml

2026-01-25 20:20:46 INFO  Utils - [TestNG] Running:
  C:\Users\ACER\AppData\Local\JetBrains\IntelliJIdea2025.1\temp-testng-customsuite.xml

2026-01-25 20:21:51 INFO  Utils - [TestNG] Running:
  C:\Users\ACER\AppData\Local\JetBrains\IntelliJIdea2025.1\temp-testng-customsuite.xml

